<?xml version="1.0" encoding="UTF-8"?>
<testsuite xmlns:xsi="http://www.w3.org/2001/XMLSchema-instance" xsi:noNamespaceSchemaLocation="https://maven.apache.org/surefire/maven-surefire-plugin/xsd/surefire-test-report.xsd" name="library_utils.MyPriorityListTest" time="0.012" tests="4" errors="0" skipped="0" failures="0">
  <properties>
[...]
</properties>
  <testcase name="testAddForDuplicates" classname="library_utils.MyPriorityListTest" time="0.001"/>
  <testcase name="testRemoveMethod" classname="library_utils.MyPriorityListTest" time="0.001"/>
  <testcase name="add" classname="library_utils.MyPriorityListTest" time="0.001"/>
  <testcase name="isEmpty" classname="library_utils.MyPriorityListTest" time="0"/>
</testsuite>